
Showing logs for build [32mcb-kubecd-bdd-nh-1575979115-pr-1[0m stage [32mfrom-build-pack[0m and container [32mstep-credential-initializer-7bqvp[0m
{"level":"warn","ts":1575981020.0412774,"logger":"fallback-logger","caller":"logging/config.go:69","msg":"Fetch GitHub commit ID from kodata failed: \"ref: refs/heads/master\" is not a valid GitHub commit ID"}
{"level":"info","ts":1575981020.0419118,"logger":"fallback-logger","caller":"creds-init/main.go:40","msg":"Credentials initialized."}

Showing logs for build [32mcb-kubecd-bdd-nh-1575979115-pr-1[0m stage [32mfrom-build-pack[0m and container [32mstep-working-dir-initializer-crhqt[0m
{"level":"warn","ts":1575981021.4054332,"logger":"fallback-logger","caller":"logging/config.go:69","msg":"Fetch GitHub commit ID from kodata failed: open /var/run/ko/HEAD: no such file or directory"}
{"level":"info","ts":1575981021.531256,"logger":"fallback-logger","caller":"bash/main.go:65","msg":"Successfully executed command \"mkdir -p /workspace/source\""}

Showing logs for build [32mcb-kubecd-bdd-nh-1575979115-pr-1[0m stage [32mfrom-build-pack[0m and container [32mstep-place-tools[0m

Showing logs for build [32mcb-kubecd-bdd-nh-1575979115-pr-1[0m stage [32mfrom-build-pack[0m and container [32mstep-git-source-cb-kubecd-bdd-nh-1575979115-pr-k9vj8[0m
{"level":"warn","ts":1575981028.1379194,"logger":"fallback-logger","caller":"logging/config.go:69","msg":"Fetch GitHub commit ID from kodata failed: \"ref: refs/heads/master\" is not a valid GitHub commit ID"}
{"level":"info","ts":1575981029.306584,"logger":"fallback-logger","caller":"git/git.go:102","msg":"Successfully cloned https://github.com/cb-kubecd/bdd-nh-1575979115.git @ master in path /workspace/source"}

Showing logs for build [32mcb-kubecd-bdd-nh-1575979115-pr-1[0m stage [32mfrom-build-pack[0m and container [32mstep-git-merge[0m
Using SHAs from PULL_REFS=master:deb540e41866e1c125273fed3f59ed3932ff9011,1:5514e8277f48782c2e0e54028f4b76fae5446bc2
DEBUG: ran git fetch --unshallow origin 5514e8277f48782c2e0e54028f4b76fae5446bc2: deb540e41866e1c125273fed3f59ed3932ff9011: in 
DEBUG: ran git checkout master in 
DEBUG: ran git reset --hard deb540e41866e1c125273fed3f59ed3932ff9011 in 
DEBUG: ran clean --force -d . in 
DEBUG: ran git merge 5514e8277f48782c2e0e54028f4b76fae5446bc2 in 
Merged SHA 5514e8277f48782c2e0e54028f4b76fae5446bc2 with commit message 'My first PR commit' into base branch master

Showing logs for build [32mcb-kubecd-bdd-nh-1575979115-pr-1[0m stage [32mfrom-build-pack[0m and container [32mstep-build-npmrc[0m
WARNING: failed to find Secret npm-token in namespace **

Showing logs for build [32mcb-kubecd-bdd-nh-1575979115-pr-1[0m stage [32mfrom-build-pack[0m and container [32mstep-build-npm-install[0m
npm notice created a lockfile as package-lock.json. You should commit this file.
npm WARN REPLACE_ME@1.0.0 No repository field.
npm WARN REPLACE_ME@1.0.0 No license field.

up to date in 0.394s
found 0 vulnerabilities


Showing logs for build [32mcb-kubecd-bdd-nh-1575979115-pr-1[0m stage [32mfrom-build-pack[0m and container [32mstep-build-npm-test[0m

> REPLACE_ME@1.0.0 test /workspace/source
> echo "no test specified" && exit 0

no test specified

Showing logs for build [32mcb-kubecd-bdd-nh-1575979115-pr-1[0m stage [32mfrom-build-pack[0m and container [32mstep-build-container-build[0m
[36mINFO[0m[0000] Downloading base image node:9-slim           
ERROR: logging before flag.Parse: E1210 12:30:32.963528       9 metadata.go:142] while reading 'google-dockercfg' metadata: http status code: 404 while fetching url http://metadata.google.internal./computeMetadata/v1/instance/attributes/google-dockercfg
ERROR: logging before flag.Parse: E1210 12:30:32.967216       9 metadata.go:159] while reading 'google-dockercfg-url' metadata: http status code: 404 while fetching url http://metadata.google.internal./computeMetadata/v1/instance/attributes/google-dockercfg-url
2019/12/10 12:30:32 No matching credentials were found, falling back on anonymous
[36mINFO[0m[0001] Error while retrieving image from cache: getting file info: stat /workspace/sha256:0e0175bbe4f8d9d104590d8d2c591017874e30977cb71aaff1cf6fa99479575c: no such file or directory 
[36mINFO[0m[0001] Downloading base image node:9-slim           
2019/12/10 12:30:34 No matching credentials were found, falling back on anonymous
[36mINFO[0m[0002] Executing 0 build triggers                   
[36mINFO[0m[0002] cmd: EXPOSE                                  
[36mINFO[0m[0002] Adding exposed port: 8080/tcp                
[36mINFO[0m[0002] Using files from context: [/workspace/source] 
[36mINFO[0m[0002] Skipping unpacking as no commands require it. 
[36mINFO[0m[0002] Taking snapshot of full filesystem...        
[36mINFO[0m[0002] ENV PORT 8080                                
[36mINFO[0m[0002] No files changed in this command, skipping snapshotting. 
[36mINFO[0m[0002] EXPOSE 8080                                  
[36mINFO[0m[0002] cmd: EXPOSE                                  
[36mINFO[0m[0002] Adding exposed port: 8080/tcp                
[36mINFO[0m[0002] No files changed in this command, skipping snapshotting. 
[36mINFO[0m[0002] WORKDIR /usr/src/app                         
[36mINFO[0m[0002] cmd: workdir                                 
[36mINFO[0m[0002] Changed working directory to /usr/src/app    
[36mINFO[0m[0002] Creating directory /usr/src/app              
[36mINFO[0m[0002] Taking snapshot of files...                  
[36mINFO[0m[0002] Using files from context: [/workspace/source] 
[36mINFO[0m[0002] COPY . .                                     
[36mINFO[0m[0002] Taking snapshot of files...                  
[36mINFO[0m[0002] CMD ["npm", "start"]                         
[36mINFO[0m[0002] No files changed in this command, skipping snapshotting. 
2019/12/10 12:30:35 existing blob: sha256:7d083412657baa2dafba8d093034ef26f9ed2c90fb6ed95f76bb55aff03ed429
2019/12/10 12:30:35 existing blob: sha256:a88538b9cd05cfa611e43a25582a95ad7879f6fa708b0386a26b71ee62235bb3
2019/12/10 12:30:35 existing blob: sha256:5bba3ecb4cd6374a19da45f2a3db0a9c0804984358b3bb4b666c28944016e5ff
2019/12/10 12:30:35 existing blob: sha256:196b8e3c919d5639193ba6c6e54774528942041bbc37606631a2250502985c3c
2019/12/10 12:30:35 existing blob: sha256:e01bd28a434b56ffd2a3fe9aa99b9b69aecca69904843edd30b1ee7150d79904
2019/12/10 12:30:38 pushed blob: sha256:ed3520712b4e7f2312ec76ae8278afb619d0a49226619f72de6fd4760f6ecd39
2019/12/10 12:30:38 pushed blob: sha256:70a7b19fc5f0ddbea94b1ee3ae934dda7fa544909f1e071fe2a49d3fef991a57
2019/12/10 12:30:39 pushed blob: sha256:6c328958b941c666c6fa3d437835902aa0eecf6fe41357a6f04389c0779caa04
2019/12/10 12:30:40 gcr.io/jenkins-x-bdd3/bdd-nh-1575979115:0.0.0-SNAPSHOT-PR-1-1: digest: sha256:58a79c4ade57876d5ee4a5ea73e3c6b9d5840cc08b7beebb256a6a080dbfe1a6 size: 1404

Showing logs for build [32mcb-kubecd-bdd-nh-1575979115-pr-1[0m stage [32mfrom-build-pack[0m and container [32mstep-postbuild-post-build[0m
no CVE provider running in the current ** namespace so skip adding image to be analysed

Showing logs for build [32mcb-kubecd-bdd-nh-1575979115-pr-1[0m stage [32mfrom-build-pack[0m and container [32mstep-promote-make-preview[0m
sed -i -e "s/version:.*/version: 0.0.0-SNAPSHOT-PR-1-1/" Chart.yaml
sed -i -e "s/version:.*/version: 0.0.0-SNAPSHOT-PR-1-1/" ../*/Chart.yaml
sed -i -e "s|repository:.*|repository: gcr.io\/jenkins-x-bdd3\/bdd-nh-1575979115|" values.yaml
sed -i -e "s/tag:.*/tag: 0.0.0-SNAPSHOT-PR-1-1/" values.yaml
echo "  version: 0.0.0-SNAPSHOT-PR-1-1" >> requirements.yaml
** step helm build
WARNING: No $CHART_REPOSITORY defined so using the default value of: http://jenkins-x-chartmuseum:8080
Adding missing Helm repo: storage.googleapis.com https://storage.googleapis.com/chartmuseum.jenkins-x.io
Read credentials for https://storage.googleapis.com/chartmuseum.jenkins-x.io from vault helm/repos
Successfully added Helm repository storage.googleapis.com.
Adding missing Helm repo: jenkins-x-chartmuseum http://jenkins-x-chartmuseum:8080
Read credentials for http://jenkins-x-chartmuseum:8080 from vault helm/repos
Successfully added Helm repository jenkins-x-chartmuseum.
WARNING: No $CHART_REPOSITORY defined so using the default value of: http://jenkins-x-chartmuseum:8080
Adding missing Helm repo: chartmuseum.jenkins-x.io http://chartmuseum.jenkins-x.io
Read credentials for http://chartmuseum.jenkins-x.io from vault helm/repos
Successfully added Helm repository chartmuseum.jenkins-x.io.

Showing logs for build [32mcb-kubecd-bdd-nh-1575979115-pr-1[0m stage [32mfrom-build-pack[0m and container [32mstep-promote-jx-preview[0m
Creating a preview
Created environment cb-kubecd-bdd-nh-1575979115-pr-1
Namespace **-cb-kubecd-bdd-nh-1575979115-pr-1 created 
expose:
  Annotations:
    helm.sh/hook: post-install,post-upgrade
    helm.sh/hook-delete-policy: hook-succeeded
  config:
    domain: 35.195.182.85.nip.io
    exposer: Ingress
    http: "true"
preview:
  image:
    repository: gcr.io/jenkins-x-bdd3/bdd-nh-1575979115
    tag: 0.0.0-SNAPSHOT-PR-1-1


Updating PipelineActivities cb-kubecd-bdd-nh-1575979115-pr-1-1 which has status Running
WARNING: preview application http://bdd-nh-1575979115.**-cb-kubecd-bdd-nh-1575979115-pr-1.35.195.182.85.nip.io not available, error was 503 503 Service Temporarily Unavailable, delaying for: 1.210907196s
WARNING: preview application http://bdd-nh-1575979115.**-cb-kubecd-bdd-nh-1575979115-pr-1.35.195.182.85.nip.io not available, error was 503 503 Service Temporarily Unavailable, delaying for: 1.577647574s
WARNING: preview application http://bdd-nh-1575979115.**-cb-kubecd-bdd-nh-1575979115-pr-1.35.195.182.85.nip.io not available, error was 503 503 Service Temporarily Unavailable, delaying for: 1.418965013s
Preview application is now available at: http://bdd-nh-1575979115.**-cb-kubecd-bdd-nh-1575979115-pr-1.35.195.182.85.nip.io
